2025-09-24 19:20:40 INFO  HV000001: Hibernate Validator 8.0.3.Final
2025-09-24 19:20:40 INFO  Starting UserServiceApplication using Java 23 with PID 16700 (E:\java\FitnessApp\userService\target\classes started by saisu in E:\java\FitnessApp)
2025-09-24 19:20:40 INFO  No active profile set, falling back to 1 default profile: "default"
2025-09-24 19:20:41 INFO  Bootstrapping Spring Data JPA repositories in DEFAULT mode.
2025-09-24 19:20:41 INFO  Finished Spring Data repository scanning in 66 ms. Found 1 JPA repository interface.
2025-09-24 19:20:42 INFO  Tomcat initialized with port 8080 (http)
2025-09-24 19:20:42 INFO  Initializing ProtocolHandler ["http-nio-8080"]
2025-09-24 19:20:42 INFO  Starting service [Tomcat]
2025-09-24 19:20:42 INFO  Starting Servlet engine: [Apache Tomcat/10.1.46]
2025-09-24 19:20:42 INFO  Initializing Spring embedded WebApplicationContext
2025-09-24 19:20:42 INFO  Root WebApplicationContext: initialization completed in 1943 ms
2025-09-24 19:20:42 INFO  HHH000204: Processing PersistenceUnitInfo [name: default]
2025-09-24 19:20:43 INFO  HHH000412: Hibernate ORM core version 6.6.29.Final
2025-09-24 19:20:43 INFO  HHH000026: Second-level cache disabled
2025-09-24 19:20:43 INFO  No LoadTimeWeaver setup: ignoring JPA class transformer
2025-09-24 19:20:43 INFO  HikariPool-1 - Starting...
2025-09-24 19:20:44 INFO  HikariPool-1 - Added connection org.postgresql.jdbc.PgConnection@2712e8f4
2025-09-24 19:20:44 INFO  HikariPool-1 - Start completed.
2025-09-24 19:20:44 INFO  HHH10001005: Database info:
	Database JDBC URL [Connecting through datasource 'HikariDataSource (HikariPool-1)']
	Database driver: undefined/unknown
	Database version: 17.2
	Autocommit mode: undefined/unknown
	Isolation level: undefined/unknown
	Minimum pool size: undefined/unknown
	Maximum pool size: undefined/unknown
2025-09-24 19:20:45 INFO  HHH000489: No JTA platform available (set 'hibernate.transaction.jta.platform' to enable JTA platform integration)
2025-09-24 19:20:45 INFO  Initialized JPA EntityManagerFactory for persistence unit 'default'
2025-09-24 19:20:45 WARN  spring.jpa.open-in-view is enabled by default. Therefore, database queries may be performed during view rendering. Explicitly configure spring.jpa.open-in-view to disable this warning
2025-09-24 19:20:46 INFO  Starting ProtocolHandler ["http-nio-8080"]
2025-09-24 19:20:46 INFO  Tomcat started on port 8080 (http) with context path '/'
2025-09-24 19:20:46 INFO  Started UserServiceApplication in 6.838 seconds (process running for 7.654)
2025-09-24 19:21:04 INFO  Initializing Spring DispatcherServlet 'dispatcherServlet'
2025-09-24 19:21:04 INFO  Initializing Servlet 'dispatcherServlet'
2025-09-24 19:21:04 INFO  Completed initialization in 2 ms
2025-09-24 19:31:31 INFO  Commencing graceful shutdown. Waiting for active requests to complete
2025-09-24 19:31:31 INFO  Graceful shutdown complete
2025-09-24 19:31:31 INFO  Closing JPA EntityManagerFactory for persistence unit 'default'
2025-09-24 19:31:31 INFO  HikariPool-1 - Shutdown initiated...
2025-09-24 19:31:31 INFO  HikariPool-1 - Shutdown completed.
2025-09-24 19:44:04 INFO  HV000001: Hibernate Validator 8.0.3.Final
2025-09-24 19:44:04 INFO  Starting UserServiceApplication using Java 23 with PID 26300 (E:\java\FitnessApp\userService\target\classes started by saisu in E:\java\FitnessApp)
2025-09-24 19:44:04 INFO  No active profile set, falling back to 1 default profile: "default"
2025-09-24 19:44:06 INFO  Bootstrapping Spring Data JPA repositories in DEFAULT mode.
2025-09-24 19:44:06 INFO  Finished Spring Data repository scanning in 52 ms. Found 1 JPA repository interface.
2025-09-24 19:44:06 INFO  Tomcat initialized with port 8080 (http)
2025-09-24 19:44:06 INFO  Initializing ProtocolHandler ["http-nio-8080"]
2025-09-24 19:44:06 INFO  Starting service [Tomcat]
2025-09-24 19:44:06 INFO  Starting Servlet engine: [Apache Tomcat/10.1.46]
2025-09-24 19:44:07 INFO  Initializing Spring embedded WebApplicationContext
2025-09-24 19:44:07 INFO  Root WebApplicationContext: initialization completed in 1952 ms
2025-09-24 19:44:07 INFO  HHH000204: Processing PersistenceUnitInfo [name: default]
2025-09-24 19:44:07 INFO  HHH000412: Hibernate ORM core version 6.6.29.Final
2025-09-24 19:44:07 INFO  HHH000026: Second-level cache disabled
2025-09-24 19:44:07 INFO  No LoadTimeWeaver setup: ignoring JPA class transformer
2025-09-24 19:44:07 INFO  HikariPool-1 - Starting...
2025-09-24 19:44:08 INFO  HikariPool-1 - Added connection org.postgresql.jdbc.PgConnection@1d3d76b4
2025-09-24 19:44:08 INFO  HikariPool-1 - Start completed.
2025-09-24 19:44:08 INFO  HHH10001005: Database info:
	Database JDBC URL [Connecting through datasource 'HikariDataSource (HikariPool-1)']
	Database driver: undefined/unknown
	Database version: 17.2
	Autocommit mode: undefined/unknown
	Isolation level: undefined/unknown
	Minimum pool size: undefined/unknown
	Maximum pool size: undefined/unknown
2025-09-24 19:44:09 INFO  HHH000489: No JTA platform available (set 'hibernate.transaction.jta.platform' to enable JTA platform integration)
2025-09-24 19:44:09 WARN  SQL Warning Code: 0, SQLState: 00000
2025-09-24 19:44:09 WARN  constraint "uk1j9d9a06i600gd43uu3km82jw" of relation "app_user" does not exist, skipping
2025-09-24 19:44:09 INFO  Initialized JPA EntityManagerFactory for persistence unit 'default'
2025-09-24 19:44:09 WARN  spring.jpa.open-in-view is enabled by default. Therefore, database queries may be performed during view rendering. Explicitly configure spring.jpa.open-in-view to disable this warning
2025-09-24 19:44:10 INFO  Starting ProtocolHandler ["http-nio-8080"]
2025-09-24 19:44:10 INFO  Tomcat started on port 8080 (http) with context path '/'
2025-09-24 19:44:10 INFO  Started UserServiceApplication in 6.472 seconds (process running for 7.193)
2025-09-24 19:44:37 INFO  Initializing Spring DispatcherServlet 'dispatcherServlet'
2025-09-24 19:44:37 INFO  Initializing Servlet 'dispatcherServlet'
2025-09-24 19:44:37 INFO  Completed initialization in 1 ms
2025-09-24 19:47:08 INFO  Commencing graceful shutdown. Waiting for active requests to complete
2025-09-24 19:47:08 INFO  Graceful shutdown complete
2025-09-24 19:47:08 INFO  Closing JPA EntityManagerFactory for persistence unit 'default'
2025-09-24 19:47:08 INFO  HikariPool-1 - Shutdown initiated...
2025-09-24 19:47:08 INFO  HikariPool-1 - Shutdown completed.
2025-09-24 19:47:15 INFO  HV000001: Hibernate Validator 8.0.3.Final
2025-09-24 19:47:15 INFO  Starting UserServiceApplication using Java 23 with PID 9988 (E:\java\FitnessApp\userService\target\classes started by saisu in E:\java\FitnessApp)
2025-09-24 19:47:15 INFO  No active profile set, falling back to 1 default profile: "default"
2025-09-24 19:47:16 INFO  Bootstrapping Spring Data JPA repositories in DEFAULT mode.
2025-09-24 19:47:16 INFO  Finished Spring Data repository scanning in 60 ms. Found 1 JPA repository interface.
2025-09-24 19:47:17 INFO  Tomcat initialized with port 8080 (http)
2025-09-24 19:47:17 INFO  Initializing ProtocolHandler ["http-nio-8080"]
2025-09-24 19:47:17 INFO  Starting service [Tomcat]
2025-09-24 19:47:17 INFO  Starting Servlet engine: [Apache Tomcat/10.1.46]
2025-09-24 19:47:17 INFO  Initializing Spring embedded WebApplicationContext
2025-09-24 19:47:17 INFO  Root WebApplicationContext: initialization completed in 2091 ms
2025-09-24 19:47:18 INFO  HHH000204: Processing PersistenceUnitInfo [name: default]
2025-09-24 19:47:18 INFO  HHH000412: Hibernate ORM core version 6.6.29.Final
2025-09-24 19:47:18 INFO  HHH000026: Second-level cache disabled
2025-09-24 19:47:18 INFO  No LoadTimeWeaver setup: ignoring JPA class transformer
2025-09-24 19:47:18 INFO  HikariPool-1 - Starting...
2025-09-24 19:47:18 INFO  HikariPool-1 - Added connection org.postgresql.jdbc.PgConnection@29c1249a
2025-09-24 19:47:18 INFO  HikariPool-1 - Start completed.
2025-09-24 19:47:19 INFO  HHH10001005: Database info:
	Database JDBC URL [Connecting through datasource 'HikariDataSource (HikariPool-1)']
	Database driver: undefined/unknown
	Database version: 17.2
	Autocommit mode: undefined/unknown
	Isolation level: undefined/unknown
	Minimum pool size: undefined/unknown
	Maximum pool size: undefined/unknown
2025-09-24 19:47:20 INFO  HHH000489: No JTA platform available (set 'hibernate.transaction.jta.platform' to enable JTA platform integration)
2025-09-24 19:47:20 INFO  Initialized JPA EntityManagerFactory for persistence unit 'default'
2025-09-24 19:47:20 WARN  spring.jpa.open-in-view is enabled by default. Therefore, database queries may be performed during view rendering. Explicitly configure spring.jpa.open-in-view to disable this warning
2025-09-24 19:47:21 INFO  Starting ProtocolHandler ["http-nio-8080"]
2025-09-24 19:47:21 INFO  Tomcat started on port 8080 (http) with context path '/'
2025-09-24 19:47:21 INFO  Started UserServiceApplication in 6.681 seconds (process running for 7.428)
2025-09-24 19:47:29 INFO  Initializing Spring DispatcherServlet 'dispatcherServlet'
2025-09-24 19:47:29 INFO  Initializing Servlet 'dispatcherServlet'
2025-09-24 19:47:29 INFO  Completed initialization in 2 ms
2025-09-24 19:52:21 INFO  Commencing graceful shutdown. Waiting for active requests to complete
2025-09-24 19:52:21 INFO  Graceful shutdown complete
2025-09-24 19:52:21 INFO  Closing JPA EntityManagerFactory for persistence unit 'default'
2025-09-24 19:52:21 INFO  HikariPool-1 - Shutdown initiated...
2025-09-24 19:52:21 INFO  HikariPool-1 - Shutdown completed.
2025-09-24 19:52:27 INFO  HV000001: Hibernate Validator 8.0.3.Final
2025-09-24 19:52:28 INFO  Starting UserServiceApplication using Java 23 with PID 4764 (E:\java\FitnessApp\userService\target\classes started by saisu in E:\java\FitnessApp)
2025-09-24 19:52:28 INFO  No active profile set, falling back to 1 default profile: "default"
2025-09-24 19:52:29 INFO  Bootstrapping Spring Data JPA repositories in DEFAULT mode.
2025-09-24 19:52:29 INFO  Finished Spring Data repository scanning in 79 ms. Found 1 JPA repository interface.
2025-09-24 19:52:30 INFO  Tomcat initialized with port 8080 (http)
2025-09-24 19:52:30 INFO  Initializing ProtocolHandler ["http-nio-8080"]
2025-09-24 19:52:30 INFO  Starting service [Tomcat]
2025-09-24 19:52:30 INFO  Starting Servlet engine: [Apache Tomcat/10.1.46]
2025-09-24 19:52:30 INFO  Initializing Spring embedded WebApplicationContext
2025-09-24 19:52:30 INFO  Root WebApplicationContext: initialization completed in 1962 ms
2025-09-24 19:52:30 INFO  HHH000204: Processing PersistenceUnitInfo [name: default]
2025-09-24 19:52:30 INFO  HHH000412: Hibernate ORM core version 6.6.29.Final
2025-09-24 19:52:30 INFO  HHH000026: Second-level cache disabled
2025-09-24 19:52:31 INFO  No LoadTimeWeaver setup: ignoring JPA class transformer
2025-09-24 19:52:31 INFO  HikariPool-1 - Starting...
2025-09-24 19:52:31 INFO  HikariPool-1 - Added connection org.postgresql.jdbc.PgConnection@77cddc0c
2025-09-24 19:52:31 INFO  HikariPool-1 - Start completed.
2025-09-24 19:52:31 INFO  HHH10001005: Database info:
	Database JDBC URL [Connecting through datasource 'HikariDataSource (HikariPool-1)']
	Database driver: undefined/unknown
	Database version: 17.2
	Autocommit mode: undefined/unknown
	Isolation level: undefined/unknown
	Minimum pool size: undefined/unknown
	Maximum pool size: undefined/unknown
2025-09-24 19:52:32 INFO  HHH000489: No JTA platform available (set 'hibernate.transaction.jta.platform' to enable JTA platform integration)
2025-09-24 19:52:32 INFO  Initialized JPA EntityManagerFactory for persistence unit 'default'
2025-09-24 19:52:33 WARN  spring.jpa.open-in-view is enabled by default. Therefore, database queries may be performed during view rendering. Explicitly configure spring.jpa.open-in-view to disable this warning
2025-09-24 19:52:33 INFO  Starting ProtocolHandler ["http-nio-8080"]
2025-09-24 19:52:33 INFO  Tomcat started on port 8080 (http) with context path '/'
2025-09-24 19:52:33 INFO  Started UserServiceApplication in 6.503 seconds (process running for 7.286)
2025-09-24 19:52:38 INFO  Initializing Spring DispatcherServlet 'dispatcherServlet'
2025-09-24 19:52:38 INFO  Initializing Servlet 'dispatcherServlet'
2025-09-24 19:52:38 INFO  Completed initialization in 2 ms
2025-09-24 19:55:03 INFO  Commencing graceful shutdown. Waiting for active requests to complete
2025-09-24 19:55:03 INFO  Graceful shutdown complete
2025-09-24 19:55:03 INFO  Closing JPA EntityManagerFactory for persistence unit 'default'
2025-09-24 19:55:03 INFO  HikariPool-1 - Shutdown initiated...
2025-09-24 19:55:03 INFO  HikariPool-1 - Shutdown completed.
2025-09-24 19:55:08 INFO  HV000001: Hibernate Validator 8.0.3.Final
2025-09-24 19:55:09 INFO  Starting UserServiceApplication using Java 23 with PID 28648 (E:\java\FitnessApp\userService\target\classes started by saisu in E:\java\FitnessApp)
2025-09-24 19:55:09 INFO  No active profile set, falling back to 1 default profile: "default"
2025-09-24 19:55:10 INFO  Bootstrapping Spring Data JPA repositories in DEFAULT mode.
2025-09-24 19:55:10 INFO  Finished Spring Data repository scanning in 62 ms. Found 1 JPA repository interface.
2025-09-24 19:55:11 INFO  Tomcat initialized with port 8080 (http)
2025-09-24 19:55:11 INFO  Initializing ProtocolHandler ["http-nio-8080"]
2025-09-24 19:55:11 INFO  Starting service [Tomcat]
2025-09-24 19:55:11 INFO  Starting Servlet engine: [Apache Tomcat/10.1.46]
2025-09-24 19:55:11 INFO  Initializing Spring embedded WebApplicationContext
2025-09-24 19:55:11 INFO  Root WebApplicationContext: initialization completed in 2196 ms
2025-09-24 19:55:11 INFO  HHH000204: Processing PersistenceUnitInfo [name: default]
2025-09-24 19:55:11 INFO  HHH000412: Hibernate ORM core version 6.6.29.Final
2025-09-24 19:55:11 INFO  HHH000026: Second-level cache disabled
2025-09-24 19:55:12 INFO  No LoadTimeWeaver setup: ignoring JPA class transformer
2025-09-24 19:55:12 INFO  HikariPool-1 - Starting...
2025-09-24 19:55:12 INFO  HikariPool-1 - Added connection org.postgresql.jdbc.PgConnection@29c1249a
2025-09-24 19:55:12 INFO  HikariPool-1 - Start completed.
2025-09-24 19:55:12 INFO  HHH10001005: Database info:
	Database JDBC URL [Connecting through datasource 'HikariDataSource (HikariPool-1)']
	Database driver: undefined/unknown
	Database version: 17.2
	Autocommit mode: undefined/unknown
	Isolation level: undefined/unknown
	Minimum pool size: undefined/unknown
	Maximum pool size: undefined/unknown
2025-09-24 19:55:13 INFO  HHH000489: No JTA platform available (set 'hibernate.transaction.jta.platform' to enable JTA platform integration)
2025-09-24 19:55:14 INFO  Initialized JPA EntityManagerFactory for persistence unit 'default'
2025-09-24 19:55:14 WARN  spring.jpa.open-in-view is enabled by default. Therefore, database queries may be performed during view rendering. Explicitly configure spring.jpa.open-in-view to disable this warning
2025-09-24 19:55:14 INFO  Starting ProtocolHandler ["http-nio-8080"]
2025-09-24 19:55:14 INFO  Tomcat started on port 8080 (http) with context path '/'
2025-09-24 19:55:14 INFO  Started UserServiceApplication in 6.825 seconds (process running for 7.587)
2025-09-24 19:55:18 INFO  Initializing Spring DispatcherServlet 'dispatcherServlet'
2025-09-24 19:55:18 INFO  Initializing Servlet 'dispatcherServlet'
2025-09-24 19:55:18 INFO  Completed initialization in 1 ms
2025-09-24 19:59:41 INFO  Commencing graceful shutdown. Waiting for active requests to complete
2025-09-24 19:59:42 INFO  Graceful shutdown complete
2025-09-24 19:59:42 INFO  Closing JPA EntityManagerFactory for persistence unit 'default'
2025-09-24 19:59:42 INFO  HikariPool-1 - Shutdown initiated...
2025-09-24 19:59:42 INFO  HikariPool-1 - Shutdown completed.
2025-09-24 19:59:50 INFO  HV000001: Hibernate Validator 8.0.3.Final
2025-09-24 19:59:50 INFO  Starting UserServiceApplication using Java 23 with PID 23816 (E:\java\FitnessApp\userService\target\classes started by saisu in E:\java\FitnessApp)
2025-09-24 19:59:50 INFO  No active profile set, falling back to 1 default profile: "default"
2025-09-24 19:59:51 INFO  Bootstrapping Spring Data JPA repositories in DEFAULT mode.
2025-09-24 19:59:52 INFO  Finished Spring Data repository scanning in 138 ms. Found 1 JPA repository interface.
2025-09-24 19:59:53 INFO  Tomcat initialized with port 8080 (http)
2025-09-24 19:59:53 INFO  Initializing ProtocolHandler ["http-nio-8080"]
2025-09-24 19:59:53 INFO  Starting service [Tomcat]
2025-09-24 19:59:53 INFO  Starting Servlet engine: [Apache Tomcat/10.1.46]
2025-09-24 19:59:53 INFO  Initializing Spring embedded WebApplicationContext
2025-09-24 19:59:53 INFO  Root WebApplicationContext: initialization completed in 2540 ms
2025-09-24 19:59:53 INFO  HHH000204: Processing PersistenceUnitInfo [name: default]
2025-09-24 19:59:53 INFO  HHH000412: Hibernate ORM core version 6.6.29.Final
2025-09-24 19:59:53 INFO  HHH000026: Second-level cache disabled
2025-09-24 19:59:54 INFO  No LoadTimeWeaver setup: ignoring JPA class transformer
2025-09-24 19:59:54 INFO  HikariPool-1 - Starting...
2025-09-24 19:59:54 INFO  HikariPool-1 - Added connection org.postgresql.jdbc.PgConnection@652b3733
2025-09-24 19:59:54 INFO  HikariPool-1 - Start completed.
2025-09-24 19:59:54 INFO  HHH10001005: Database info:
	Database JDBC URL [Connecting through datasource 'HikariDataSource (HikariPool-1)']
	Database driver: undefined/unknown
	Database version: 17.2
	Autocommit mode: undefined/unknown
	Isolation level: undefined/unknown
	Minimum pool size: undefined/unknown
	Maximum pool size: undefined/unknown
2025-09-24 19:59:56 INFO  HHH000489: No JTA platform available (set 'hibernate.transaction.jta.platform' to enable JTA platform integration)
2025-09-24 19:59:56 INFO  Initialized JPA EntityManagerFactory for persistence unit 'default'
2025-09-24 19:59:56 WARN  spring.jpa.open-in-view is enabled by default. Therefore, database queries may be performed during view rendering. Explicitly configure spring.jpa.open-in-view to disable this warning
2025-09-24 19:59:57 INFO  Starting ProtocolHandler ["http-nio-8080"]
2025-09-24 19:59:57 INFO  Tomcat started on port 8080 (http) with context path '/'
2025-09-24 19:59:57 INFO  Started UserServiceApplication in 7.691 seconds (process running for 10.326)
2025-09-24 20:00:54 INFO  Initializing Spring DispatcherServlet 'dispatcherServlet'
2025-09-24 20:00:54 INFO  Initializing Servlet 'dispatcherServlet'
2025-09-24 20:00:54 INFO  Completed initialization in 2 ms
2025-09-24 20:01:56 WARN  HikariPool-1 - Thread starvation or clock leap detected (housekeeper delta=1m31s969ms367µs200ns).
2025-09-24 20:01:56 INFO  Commencing graceful shutdown. Waiting for active requests to complete
2025-09-24 20:01:57 INFO  Graceful shutdown complete
2025-09-24 20:01:57 INFO  Closing JPA EntityManagerFactory for persistence unit 'default'
2025-09-24 20:01:57 INFO  HikariPool-1 - Shutdown initiated...
2025-09-24 20:01:57 INFO  HikariPool-1 - Shutdown completed.
2025-09-24 20:02:00 INFO  HV000001: Hibernate Validator 8.0.3.Final
2025-09-24 20:02:00 INFO  Starting UserServiceApplication using Java 23 with PID 4192 (E:\java\FitnessApp\userService\target\classes started by saisu in E:\java\FitnessApp)
2025-09-24 20:02:00 INFO  No active profile set, falling back to 1 default profile: "default"
2025-09-24 20:02:01 INFO  Bootstrapping Spring Data JPA repositories in DEFAULT mode.
2025-09-24 20:02:01 INFO  Finished Spring Data repository scanning in 67 ms. Found 1 JPA repository interface.
2025-09-24 20:02:02 INFO  Tomcat initialized with port 8080 (http)
2025-09-24 20:02:02 INFO  Initializing ProtocolHandler ["http-nio-8080"]
2025-09-24 20:02:02 INFO  Starting service [Tomcat]
2025-09-24 20:02:02 INFO  Starting Servlet engine: [Apache Tomcat/10.1.46]
2025-09-24 20:02:02 INFO  Initializing Spring embedded WebApplicationContext
2025-09-24 20:02:02 INFO  Root WebApplicationContext: initialization completed in 2334 ms
2025-09-24 20:02:03 INFO  HHH000204: Processing PersistenceUnitInfo [name: default]
2025-09-24 20:02:03 INFO  HHH000412: Hibernate ORM core version 6.6.29.Final
2025-09-24 20:02:03 INFO  HHH000026: Second-level cache disabled
2025-09-24 20:02:04 INFO  No LoadTimeWeaver setup: ignoring JPA class transformer
2025-09-24 20:02:04 INFO  HikariPool-1 - Starting...
2025-09-24 20:02:04 INFO  HikariPool-1 - Added connection org.postgresql.jdbc.PgConnection@7b598d05
2025-09-24 20:02:04 INFO  HikariPool-1 - Start completed.
2025-09-24 20:02:04 INFO  HHH10001005: Database info:
	Database JDBC URL [Connecting through datasource 'HikariDataSource (HikariPool-1)']
	Database driver: undefined/unknown
	Database version: 17.2
	Autocommit mode: undefined/unknown
	Isolation level: undefined/unknown
	Minimum pool size: undefined/unknown
	Maximum pool size: undefined/unknown
2025-09-24 20:02:06 INFO  HHH000489: No JTA platform available (set 'hibernate.transaction.jta.platform' to enable JTA platform integration)
2025-09-24 20:02:06 INFO  Initialized JPA EntityManagerFactory for persistence unit 'default'
2025-09-24 20:02:06 WARN  spring.jpa.open-in-view is enabled by default. Therefore, database queries may be performed during view rendering. Explicitly configure spring.jpa.open-in-view to disable this warning
2025-09-24 20:02:07 INFO  Starting ProtocolHandler ["http-nio-8080"]
2025-09-24 20:02:07 INFO  Tomcat started on port 8080 (http) with context path '/'
2025-09-24 20:02:07 INFO  Started UserServiceApplication in 7.895 seconds (process running for 8.931)
2025-09-24 20:02:13 INFO  Initializing Spring DispatcherServlet 'dispatcherServlet'
2025-09-24 20:02:13 INFO  Initializing Servlet 'dispatcherServlet'
2025-09-24 20:02:13 INFO  Completed initialization in 1 ms
2025-09-24 20:03:19 WARN  HikariPool-1 - Thread starvation or clock leap detected (housekeeper delta=1m15s175ms102µs700ns).
2025-09-24 20:03:20 INFO  Commencing graceful shutdown. Waiting for active requests to complete
2025-09-24 20:03:20 INFO  Graceful shutdown complete
2025-09-24 20:03:20 INFO  Closing JPA EntityManagerFactory for persistence unit 'default'
2025-09-24 20:03:20 INFO  HikariPool-1 - Shutdown initiated...
2025-09-24 20:03:20 INFO  HikariPool-1 - Shutdown completed.
2025-09-24 20:03:24 INFO  HV000001: Hibernate Validator 8.0.3.Final
2025-09-24 20:03:24 INFO  Starting UserServiceApplication using Java 23 with PID 22872 (E:\java\FitnessApp\userService\target\classes started by saisu in E:\java\FitnessApp)
2025-09-24 20:03:24 INFO  No active profile set, falling back to 1 default profile: "default"
2025-09-24 20:03:26 INFO  Bootstrapping Spring Data JPA repositories in DEFAULT mode.
2025-09-24 20:03:26 INFO  Finished Spring Data repository scanning in 98 ms. Found 1 JPA repository interface.
2025-09-24 20:03:27 INFO  Tomcat initialized with port 8080 (http)
2025-09-24 20:03:27 INFO  Initializing ProtocolHandler ["http-nio-8080"]
2025-09-24 20:03:27 INFO  Starting service [Tomcat]
2025-09-24 20:03:27 INFO  Starting Servlet engine: [Apache Tomcat/10.1.46]
2025-09-24 20:03:27 INFO  Initializing Spring embedded WebApplicationContext
2025-09-24 20:03:27 INFO  Root WebApplicationContext: initialization completed in 2378 ms
2025-09-24 20:03:27 INFO  HHH000204: Processing PersistenceUnitInfo [name: default]
2025-09-24 20:03:27 INFO  HHH000412: Hibernate ORM core version 6.6.29.Final
2025-09-24 20:03:27 INFO  HHH000026: Second-level cache disabled
2025-09-24 20:03:28 INFO  No LoadTimeWeaver setup: ignoring JPA class transformer
2025-09-24 20:03:28 INFO  HikariPool-1 - Starting...
2025-09-24 20:03:28 INFO  HikariPool-1 - Added connection org.postgresql.jdbc.PgConnection@652b3733
2025-09-24 20:03:28 INFO  HikariPool-1 - Start completed.
2025-09-24 20:03:28 INFO  HHH10001005: Database info:
	Database JDBC URL [Connecting through datasource 'HikariDataSource (HikariPool-1)']
	Database driver: undefined/unknown
	Database version: 17.2
	Autocommit mode: undefined/unknown
	Isolation level: undefined/unknown
	Minimum pool size: undefined/unknown
	Maximum pool size: undefined/unknown
2025-09-24 20:03:30 INFO  HHH000489: No JTA platform available (set 'hibernate.transaction.jta.platform' to enable JTA platform integration)
2025-09-24 20:03:30 INFO  Initialized JPA EntityManagerFactory for persistence unit 'default'
2025-09-24 20:03:30 WARN  spring.jpa.open-in-view is enabled by default. Therefore, database queries may be performed during view rendering. Explicitly configure spring.jpa.open-in-view to disable this warning
2025-09-24 20:03:31 INFO  Starting ProtocolHandler ["http-nio-8080"]
2025-09-24 20:03:31 INFO  Tomcat started on port 8080 (http) with context path '/'
2025-09-24 20:03:31 INFO  Started UserServiceApplication in 7.589 seconds (process running for 8.525)
2025-09-24 20:03:35 INFO  Initializing Spring DispatcherServlet 'dispatcherServlet'
2025-09-24 20:03:35 INFO  Initializing Servlet 'dispatcherServlet'
2025-09-24 20:03:35 INFO  Completed initialization in 1 ms
2025-09-24 20:04:22 INFO  Commencing graceful shutdown. Waiting for active requests to complete
2025-09-24 20:04:22 INFO  Graceful shutdown complete
2025-09-24 20:04:22 INFO  Closing JPA EntityManagerFactory for persistence unit 'default'
2025-09-24 20:04:22 INFO  HikariPool-1 - Shutdown initiated...
2025-09-24 20:04:22 INFO  HikariPool-1 - Shutdown completed.
2025-09-24 20:04:27 INFO  HV000001: Hibernate Validator 8.0.3.Final
2025-09-24 20:04:27 INFO  Starting UserServiceApplication using Java 23 with PID 2236 (E:\java\FitnessApp\userService\target\classes started by saisu in E:\java\FitnessApp)
2025-09-24 20:04:27 INFO  No active profile set, falling back to 1 default profile: "default"
2025-09-24 20:04:28 INFO  Bootstrapping Spring Data JPA repositories in DEFAULT mode.
2025-09-24 20:04:28 INFO  Finished Spring Data repository scanning in 65 ms. Found 1 JPA repository interface.
2025-09-24 20:04:29 INFO  Tomcat initialized with port 8080 (http)
2025-09-24 20:04:29 INFO  Initializing ProtocolHandler ["http-nio-8080"]
2025-09-24 20:04:29 INFO  Starting service [Tomcat]
2025-09-24 20:04:29 INFO  Starting Servlet engine: [Apache Tomcat/10.1.46]
2025-09-24 20:04:29 INFO  Initializing Spring embedded WebApplicationContext
2025-09-24 20:04:29 INFO  Root WebApplicationContext: initialization completed in 1964 ms
2025-09-24 20:04:29 INFO  HHH000204: Processing PersistenceUnitInfo [name: default]
2025-09-24 20:04:29 INFO  HHH000412: Hibernate ORM core version 6.6.29.Final
2025-09-24 20:04:29 INFO  HHH000026: Second-level cache disabled
2025-09-24 20:04:30 INFO  No LoadTimeWeaver setup: ignoring JPA class transformer
2025-09-24 20:04:30 INFO  HikariPool-1 - Starting...
2025-09-24 20:04:30 INFO  HikariPool-1 - Added connection org.postgresql.jdbc.PgConnection@54b44879
2025-09-24 20:04:30 INFO  HikariPool-1 - Start completed.
2025-09-24 20:04:30 INFO  HHH10001005: Database info:
	Database JDBC URL [Connecting through datasource 'HikariDataSource (HikariPool-1)']
	Database driver: undefined/unknown
	Database version: 17.2
	Autocommit mode: undefined/unknown
	Isolation level: undefined/unknown
	Minimum pool size: undefined/unknown
	Maximum pool size: undefined/unknown
2025-09-24 20:04:31 INFO  HHH000489: No JTA platform available (set 'hibernate.transaction.jta.platform' to enable JTA platform integration)
2025-09-24 20:04:31 INFO  Initialized JPA EntityManagerFactory for persistence unit 'default'
2025-09-24 20:04:32 WARN  spring.jpa.open-in-view is enabled by default. Therefore, database queries may be performed during view rendering. Explicitly configure spring.jpa.open-in-view to disable this warning
2025-09-24 20:04:32 INFO  Starting ProtocolHandler ["http-nio-8080"]
2025-09-24 20:04:32 INFO  Tomcat started on port 8080 (http) with context path '/'
2025-09-24 20:04:32 INFO  Started UserServiceApplication in 7.272 seconds (process running for 8.051)
2025-09-24 20:04:37 INFO  Initializing Spring DispatcherServlet 'dispatcherServlet'
2025-09-24 20:04:37 INFO  Initializing Servlet 'dispatcherServlet'
2025-09-24 20:04:37 INFO  Completed initialization in 1 ms
2025-09-24 20:05:11 INFO  Commencing graceful shutdown. Waiting for active requests to complete
2025-09-24 20:05:11 INFO  Graceful shutdown complete
2025-09-24 20:05:11 INFO  Closing JPA EntityManagerFactory for persistence unit 'default'
2025-09-24 20:05:11 INFO  HikariPool-1 - Shutdown initiated...
2025-09-24 20:05:11 INFO  HikariPool-1 - Shutdown completed.
2025-09-24 20:05:14 INFO  HV000001: Hibernate Validator 8.0.3.Final
2025-09-24 20:05:14 INFO  Starting UserServiceApplication using Java 23 with PID 23276 (E:\java\FitnessApp\userService\target\classes started by saisu in E:\java\FitnessApp)
2025-09-24 20:05:14 INFO  No active profile set, falling back to 1 default profile: "default"
2025-09-24 20:05:15 INFO  Bootstrapping Spring Data JPA repositories in DEFAULT mode.
2025-09-24 20:05:15 INFO  Finished Spring Data repository scanning in 75 ms. Found 1 JPA repository interface.
2025-09-24 20:05:16 INFO  Tomcat initialized with port 8080 (http)
2025-09-24 20:05:16 INFO  Initializing ProtocolHandler ["http-nio-8080"]
2025-09-24 20:05:16 INFO  Starting service [Tomcat]
2025-09-24 20:05:16 INFO  Starting Servlet engine: [Apache Tomcat/10.1.46]
2025-09-24 20:05:16 INFO  Initializing Spring embedded WebApplicationContext
2025-09-24 20:05:16 INFO  Root WebApplicationContext: initialization completed in 1997 ms
2025-09-24 20:05:16 INFO  HHH000204: Processing PersistenceUnitInfo [name: default]
2025-09-24 20:05:16 INFO  HHH000412: Hibernate ORM core version 6.6.29.Final
2025-09-24 20:05:16 INFO  HHH000026: Second-level cache disabled
2025-09-24 20:05:17 INFO  No LoadTimeWeaver setup: ignoring JPA class transformer
2025-09-24 20:05:17 INFO  HikariPool-1 - Starting...
2025-09-24 20:05:17 INFO  HikariPool-1 - Added connection org.postgresql.jdbc.PgConnection@5ee6fdc4
2025-09-24 20:05:17 INFO  HikariPool-1 - Start completed.
2025-09-24 20:05:17 INFO  HHH10001005: Database info:
	Database JDBC URL [Connecting through datasource 'HikariDataSource (HikariPool-1)']
	Database driver: undefined/unknown
	Database version: 17.2
	Autocommit mode: undefined/unknown
	Isolation level: undefined/unknown
	Minimum pool size: undefined/unknown
	Maximum pool size: undefined/unknown
2025-09-24 20:05:18 INFO  HHH000489: No JTA platform available (set 'hibernate.transaction.jta.platform' to enable JTA platform integration)
2025-09-24 20:05:18 INFO  Initialized JPA EntityManagerFactory for persistence unit 'default'
2025-09-24 20:05:19 WARN  spring.jpa.open-in-view is enabled by default. Therefore, database queries may be performed during view rendering. Explicitly configure spring.jpa.open-in-view to disable this warning
2025-09-24 20:05:19 INFO  Starting ProtocolHandler ["http-nio-8080"]
2025-09-24 20:05:19 INFO  Tomcat started on port 8080 (http) with context path '/'
2025-09-24 20:05:19 INFO  Started UserServiceApplication in 6.504 seconds (process running for 7.483)
2025-09-24 20:05:28 INFO  Initializing Spring DispatcherServlet 'dispatcherServlet'
2025-09-24 20:05:28 INFO  Initializing Servlet 'dispatcherServlet'
2025-09-24 20:05:28 INFO  Completed initialization in 5 ms
2025-09-24 20:06:27 INFO  Commencing graceful shutdown. Waiting for active requests to complete
2025-09-24 20:06:28 INFO  Graceful shutdown complete
2025-09-24 20:06:28 INFO  Closing JPA EntityManagerFactory for persistence unit 'default'
2025-09-24 20:06:28 INFO  HikariPool-1 - Shutdown initiated...
2025-09-24 20:06:28 INFO  HikariPool-1 - Shutdown completed.
2025-09-24 20:06:31 INFO  HV000001: Hibernate Validator 8.0.3.Final
2025-09-24 20:06:31 INFO  Starting UserServiceApplication using Java 23 with PID 28020 (E:\java\FitnessApp\userService\target\classes started by saisu in E:\java\FitnessApp)
2025-09-24 20:06:31 INFO  No active profile set, falling back to 1 default profile: "default"
2025-09-24 20:06:33 INFO  Bootstrapping Spring Data JPA repositories in DEFAULT mode.
2025-09-24 20:06:33 INFO  Finished Spring Data repository scanning in 111 ms. Found 1 JPA repository interface.
2025-09-24 20:06:34 INFO  Tomcat initialized with port 8080 (http)
2025-09-24 20:06:35 INFO  Initializing ProtocolHandler ["http-nio-8080"]
2025-09-24 20:06:35 INFO  Starting service [Tomcat]
2025-09-24 20:06:35 INFO  Starting Servlet engine: [Apache Tomcat/10.1.46]
2025-09-24 20:06:35 INFO  Initializing Spring embedded WebApplicationContext
2025-09-24 20:06:35 INFO  Root WebApplicationContext: initialization completed in 3037 ms
2025-09-24 20:06:35 INFO  HHH000204: Processing PersistenceUnitInfo [name: default]
2025-09-24 20:06:35 INFO  HHH000412: Hibernate ORM core version 6.6.29.Final
2025-09-24 20:06:35 INFO  HHH000026: Second-level cache disabled
2025-09-24 20:06:36 INFO  No LoadTimeWeaver setup: ignoring JPA class transformer
2025-09-24 20:06:36 INFO  HikariPool-1 - Starting...
2025-09-24 20:06:36 INFO  HikariPool-1 - Added connection org.postgresql.jdbc.PgConnection@6cc8c13c
2025-09-24 20:06:36 INFO  HikariPool-1 - Start completed.
2025-09-24 20:06:36 INFO  HHH10001005: Database info:
	Database JDBC URL [Connecting through datasource 'HikariDataSource (HikariPool-1)']
	Database driver: undefined/unknown
	Database version: 17.2
	Autocommit mode: undefined/unknown
	Isolation level: undefined/unknown
	Minimum pool size: undefined/unknown
	Maximum pool size: undefined/unknown
2025-09-24 20:06:38 INFO  HHH000489: No JTA platform available (set 'hibernate.transaction.jta.platform' to enable JTA platform integration)
2025-09-24 20:06:39 INFO  Initialized JPA EntityManagerFactory for persistence unit 'default'
2025-09-24 20:06:39 WARN  spring.jpa.open-in-view is enabled by default. Therefore, database queries may be performed during view rendering. Explicitly configure spring.jpa.open-in-view to disable this warning
2025-09-24 20:06:40 INFO  Starting ProtocolHandler ["http-nio-8080"]
2025-09-24 20:06:40 INFO  Tomcat started on port 8080 (http) with context path '/'
2025-09-24 20:06:40 INFO  Started UserServiceApplication in 9.508 seconds (process running for 10.656)
2025-09-24 20:06:44 INFO  Initializing Spring DispatcherServlet 'dispatcherServlet'
2025-09-24 20:06:44 INFO  Initializing Servlet 'dispatcherServlet'
2025-09-24 20:06:44 INFO  Completed initialization in 3 ms
2025-09-24 20:08:37 WARN  HikariPool-1 - Thread starvation or clock leap detected (housekeeper delta=2m337ms978µs100ns).
2025-09-24 20:08:37 INFO  Commencing graceful shutdown. Waiting for active requests to complete
2025-09-24 20:08:37 INFO  Graceful shutdown complete
2025-09-24 20:08:37 INFO  Closing JPA EntityManagerFactory for persistence unit 'default'
2025-09-24 20:08:37 INFO  HikariPool-1 - Shutdown initiated...
2025-09-24 20:08:38 INFO  HikariPool-1 - Shutdown completed.
2025-09-24 20:08:46 INFO  HV000001: Hibernate Validator 8.0.3.Final
2025-09-24 20:08:46 INFO  Starting UserServiceApplication using Java 23 with PID 11604 (E:\java\FitnessApp\userService\target\classes started by saisu in E:\java\FitnessApp)
2025-09-24 20:08:46 INFO  No active profile set, falling back to 1 default profile: "default"
2025-09-24 20:08:48 INFO  Bootstrapping Spring Data JPA repositories in DEFAULT mode.
2025-09-24 20:08:49 INFO  Finished Spring Data repository scanning in 154 ms. Found 1 JPA repository interface.
2025-09-24 20:08:50 INFO  Tomcat initialized with port 8080 (http)
2025-09-24 20:08:50 INFO  Initializing ProtocolHandler ["http-nio-8080"]
2025-09-24 20:08:50 INFO  Starting service [Tomcat]
2025-09-24 20:08:50 INFO  Starting Servlet engine: [Apache Tomcat/10.1.46]
2025-09-24 20:08:50 INFO  Initializing Spring embedded WebApplicationContext
2025-09-24 20:08:50 INFO  Root WebApplicationContext: initialization completed in 4013 ms
2025-09-24 20:08:51 INFO  HHH000204: Processing PersistenceUnitInfo [name: default]
2025-09-24 20:08:51 INFO  HHH000412: Hibernate ORM core version 6.6.29.Final
2025-09-24 20:08:51 INFO  HHH000026: Second-level cache disabled
2025-09-24 20:08:52 INFO  No LoadTimeWeaver setup: ignoring JPA class transformer
2025-09-24 20:08:52 INFO  HikariPool-1 - Starting...
2025-09-24 20:08:53 INFO  HikariPool-1 - Added connection org.postgresql.jdbc.PgConnection@38929da
2025-09-24 20:08:53 INFO  HikariPool-1 - Start completed.
2025-09-24 20:08:53 INFO  HHH10001005: Database info:
	Database JDBC URL [Connecting through datasource 'HikariDataSource (HikariPool-1)']
	Database driver: undefined/unknown
	Database version: 17.2
	Autocommit mode: undefined/unknown
	Isolation level: undefined/unknown
	Minimum pool size: undefined/unknown
	Maximum pool size: undefined/unknown
2025-09-24 20:08:55 INFO  HHH000489: No JTA platform available (set 'hibernate.transaction.jta.platform' to enable JTA platform integration)
2025-09-24 20:08:55 WARN  SQL Warning Code: 0, SQLState: 00000
2025-09-24 20:08:55 WARN  constraint "uk1j9d9a06i600gd43uu3km82jw" of relation "app_user" does not exist, skipping
2025-09-24 20:08:55 INFO  Initialized JPA EntityManagerFactory for persistence unit 'default'
2025-09-24 20:08:56 WARN  spring.jpa.open-in-view is enabled by default. Therefore, database queries may be performed during view rendering. Explicitly configure spring.jpa.open-in-view to disable this warning
2025-09-24 20:08:56 INFO  Starting ProtocolHandler ["http-nio-8080"]
2025-09-24 20:08:56 INFO  Tomcat started on port 8080 (http) with context path '/'
2025-09-24 20:08:56 INFO  Started UserServiceApplication in 12.098 seconds (process running for 13.539)
2025-09-24 20:09:08 INFO  Initializing Spring DispatcherServlet 'dispatcherServlet'
2025-09-24 20:09:08 INFO  Initializing Servlet 'dispatcherServlet'
2025-09-24 20:09:08 INFO  Completed initialization in 2 ms
2025-09-24 20:09:57 INFO  Commencing graceful shutdown. Waiting for active requests to complete
2025-09-24 20:09:57 INFO  Graceful shutdown complete
2025-09-24 20:09:57 INFO  Closing JPA EntityManagerFactory for persistence unit 'default'
2025-09-24 20:09:57 INFO  HikariPool-1 - Shutdown initiated...
2025-09-24 20:09:57 INFO  HikariPool-1 - Shutdown completed.
2025-09-24 20:39:26 INFO  HV000001: Hibernate Validator 8.0.3.Final
2025-09-24 20:39:26 INFO  Starting UserServiceApplication using Java 23 with PID 20640 (E:\java\FitnessApp\userService\target\classes started by saisu in E:\java\FitnessApp)
2025-09-24 20:39:26 INFO  No active profile set, falling back to 1 default profile: "default"
2025-09-24 20:39:27 INFO  Bootstrapping Spring Data JPA repositories in DEFAULT mode.
2025-09-24 20:39:27 INFO  Finished Spring Data repository scanning in 61 ms. Found 1 JPA repository interface.
2025-09-24 20:39:28 INFO  Tomcat initialized with port 8080 (http)
2025-09-24 20:39:28 INFO  Initializing ProtocolHandler ["http-nio-8080"]
2025-09-24 20:39:28 INFO  Starting service [Tomcat]
2025-09-24 20:39:28 INFO  Starting Servlet engine: [Apache Tomcat/10.1.46]
2025-09-24 20:39:28 INFO  Initializing Spring embedded WebApplicationContext
2025-09-24 20:39:28 INFO  Root WebApplicationContext: initialization completed in 2123 ms
2025-09-24 20:39:29 INFO  HHH000204: Processing PersistenceUnitInfo [name: default]
2025-09-24 20:39:29 INFO  HHH000412: Hibernate ORM core version 6.6.29.Final
2025-09-24 20:39:29 INFO  HHH000026: Second-level cache disabled
2025-09-24 20:39:29 INFO  No LoadTimeWeaver setup: ignoring JPA class transformer
2025-09-24 20:39:29 INFO  HikariPool-1 - Starting...
2025-09-24 20:39:30 INFO  HikariPool-1 - Added connection org.postgresql.jdbc.PgConnection@29c1249a
2025-09-24 20:39:30 INFO  HikariPool-1 - Start completed.
2025-09-24 20:39:30 INFO  HHH10001005: Database info:
	Database JDBC URL [Connecting through datasource 'HikariDataSource (HikariPool-1)']
	Database driver: undefined/unknown
	Database version: 17.2
	Autocommit mode: undefined/unknown
	Isolation level: undefined/unknown
	Minimum pool size: undefined/unknown
	Maximum pool size: undefined/unknown
2025-09-24 20:39:31 INFO  HHH000489: No JTA platform available (set 'hibernate.transaction.jta.platform' to enable JTA platform integration)
2025-09-24 20:39:31 INFO  Initialized JPA EntityManagerFactory for persistence unit 'default'
2025-09-24 20:39:31 WARN  spring.jpa.open-in-view is enabled by default. Therefore, database queries may be performed during view rendering. Explicitly configure spring.jpa.open-in-view to disable this warning
2025-09-24 20:39:32 INFO  Starting ProtocolHandler ["http-nio-8080"]
2025-09-24 20:39:32 INFO  Tomcat started on port 8080 (http) with context path '/'
2025-09-24 20:39:32 INFO  Started UserServiceApplication in 7.019 seconds (process running for 7.758)
2025-09-24 20:39:50 INFO  Initializing Spring DispatcherServlet 'dispatcherServlet'
2025-09-24 20:39:50 INFO  Initializing Servlet 'dispatcherServlet'
2025-09-24 20:39:50 INFO  Completed initialization in 2 ms
2025-09-24 20:42:05 INFO  Commencing graceful shutdown. Waiting for active requests to complete
2025-09-24 20:42:05 INFO  Graceful shutdown complete
2025-09-24 20:42:05 INFO  Closing JPA EntityManagerFactory for persistence unit 'default'
2025-09-24 20:42:05 INFO  HikariPool-1 - Shutdown initiated...
2025-09-24 20:42:05 INFO  HikariPool-1 - Shutdown completed.
2025-09-24 20:42:12 INFO  HV000001: Hibernate Validator 8.0.3.Final
2025-09-24 20:42:12 INFO  Starting UserServiceApplication using Java 23 with PID 25256 (E:\java\FitnessApp\userService\target\classes started by saisu in E:\java\FitnessApp)
2025-09-24 20:42:12 INFO  No active profile set, falling back to 1 default profile: "default"
2025-09-24 20:42:13 INFO  Bootstrapping Spring Data JPA repositories in DEFAULT mode.
2025-09-24 20:42:13 INFO  Finished Spring Data repository scanning in 57 ms. Found 1 JPA repository interface.
2025-09-24 20:42:14 INFO  Tomcat initialized with port 8080 (http)
2025-09-24 20:42:14 INFO  Initializing ProtocolHandler ["http-nio-8080"]
2025-09-24 20:42:14 INFO  Starting service [Tomcat]
2025-09-24 20:42:14 INFO  Starting Servlet engine: [Apache Tomcat/10.1.46]
2025-09-24 20:42:14 INFO  Initializing Spring embedded WebApplicationContext
2025-09-24 20:42:14 INFO  Root WebApplicationContext: initialization completed in 1971 ms
2025-09-24 20:42:15 INFO  HHH000204: Processing PersistenceUnitInfo [name: default]
2025-09-24 20:42:15 INFO  HHH000412: Hibernate ORM core version 6.6.29.Final
2025-09-24 20:42:15 INFO  HHH000026: Second-level cache disabled
2025-09-24 20:42:15 INFO  No LoadTimeWeaver setup: ignoring JPA class transformer
2025-09-24 20:42:15 INFO  HikariPool-1 - Starting...
2025-09-24 20:42:16 INFO  HikariPool-1 - Added connection org.postgresql.jdbc.PgConnection@54b44879
2025-09-24 20:42:16 INFO  HikariPool-1 - Start completed.
2025-09-24 20:42:16 INFO  HHH10001005: Database info:
	Database JDBC URL [Connecting through datasource 'HikariDataSource (HikariPool-1)']
	Database driver: undefined/unknown
	Database version: 17.2
	Autocommit mode: undefined/unknown
	Isolation level: undefined/unknown
	Minimum pool size: undefined/unknown
	Maximum pool size: undefined/unknown
2025-09-24 20:42:17 INFO  HHH000489: No JTA platform available (set 'hibernate.transaction.jta.platform' to enable JTA platform integration)
2025-09-24 20:42:17 INFO  Initialized JPA EntityManagerFactory for persistence unit 'default'
2025-09-24 20:42:18 WARN  spring.jpa.open-in-view is enabled by default. Therefore, database queries may be performed during view rendering. Explicitly configure spring.jpa.open-in-view to disable this warning
2025-09-24 20:42:18 INFO  Starting ProtocolHandler ["http-nio-8080"]
2025-09-24 20:42:18 INFO  Tomcat started on port 8080 (http) with context path '/'
2025-09-24 20:42:18 INFO  Started UserServiceApplication in 6.794 seconds (process running for 7.464)
2025-09-24 20:47:44 INFO  Commencing graceful shutdown. Waiting for active requests to complete
2025-09-24 20:47:44 INFO  Graceful shutdown complete
2025-09-24 20:47:44 INFO  Closing JPA EntityManagerFactory for persistence unit 'default'
2025-09-24 20:47:44 INFO  HikariPool-1 - Shutdown initiated...
2025-09-24 20:47:44 INFO  HikariPool-1 - Shutdown completed.
2025-09-24 20:47:51 INFO  HV000001: Hibernate Validator 8.0.3.Final
2025-09-24 20:47:51 INFO  Starting UserServiceApplication using Java 23 with PID 11020 (E:\java\FitnessApp\userService\target\classes started by saisu in E:\java\FitnessApp)
2025-09-24 20:47:51 INFO  No active profile set, falling back to 1 default profile: "default"
2025-09-24 20:47:53 INFO  Bootstrapping Spring Data JPA repositories in DEFAULT mode.
2025-09-24 20:47:53 INFO  Finished Spring Data repository scanning in 73 ms. Found 1 JPA repository interface.
2025-09-24 20:47:54 INFO  Tomcat initialized with port 8080 (http)
2025-09-24 20:47:54 INFO  Initializing ProtocolHandler ["http-nio-8080"]
2025-09-24 20:47:54 INFO  Starting service [Tomcat]
2025-09-24 20:47:54 INFO  Starting Servlet engine: [Apache Tomcat/10.1.46]
2025-09-24 20:47:54 INFO  Initializing Spring embedded WebApplicationContext
2025-09-24 20:47:54 INFO  Root WebApplicationContext: initialization completed in 2411 ms
2025-09-24 20:47:54 INFO  HHH000204: Processing PersistenceUnitInfo [name: default]
2025-09-24 20:47:54 INFO  HHH000412: Hibernate ORM core version 6.6.29.Final
2025-09-24 20:47:55 INFO  HHH000026: Second-level cache disabled
2025-09-24 20:47:55 INFO  No LoadTimeWeaver setup: ignoring JPA class transformer
2025-09-24 20:47:55 INFO  HikariPool-1 - Starting...
2025-09-24 20:47:56 INFO  HikariPool-1 - Added connection org.postgresql.jdbc.PgConnection@54b44879
2025-09-24 20:47:56 INFO  HikariPool-1 - Start completed.
2025-09-24 20:47:56 INFO  HHH10001005: Database info:
	Database JDBC URL [Connecting through datasource 'HikariDataSource (HikariPool-1)']
	Database driver: undefined/unknown
	Database version: 17.2
	Autocommit mode: undefined/unknown
	Isolation level: undefined/unknown
	Minimum pool size: undefined/unknown
	Maximum pool size: undefined/unknown
2025-09-24 20:47:57 INFO  HHH000489: No JTA platform available (set 'hibernate.transaction.jta.platform' to enable JTA platform integration)
2025-09-24 20:47:57 INFO  Initialized JPA EntityManagerFactory for persistence unit 'default'
2025-09-24 20:47:58 WARN  spring.jpa.open-in-view is enabled by default. Therefore, database queries may be performed during view rendering. Explicitly configure spring.jpa.open-in-view to disable this warning
2025-09-24 20:47:58 INFO  Starting ProtocolHandler ["http-nio-8080"]
2025-09-24 20:47:58 INFO  Tomcat started on port 8080 (http) with context path '/'
2025-09-24 20:47:58 INFO  Started UserServiceApplication in 7.982 seconds (process running for 8.687)
2025-09-24 20:48:35 INFO  Initializing Spring DispatcherServlet 'dispatcherServlet'
2025-09-24 20:48:35 INFO  Initializing Servlet 'dispatcherServlet'
2025-09-24 20:48:35 INFO  Completed initialization in 2 ms
2025-09-24 20:49:59 WARN  Resolved [org.springframework.web.bind.MethodArgumentNotValidException: Validation failed for argument [0] in public org.springframework.http.ResponseEntity<com.UserService.userService.Dto.ResponseUser> com.UserService.userService.UserController.signup(com.UserService.userService.Dto.UserDetails): [Field error in object 'userDetails' on field 'password': rejected value [987]; codes [Size.userDetails.password,Size.password,Size.java.lang.String,Size]; arguments [org.springframework.context.support.DefaultMessageSourceResolvable: codes [userDetails.password,password]; arguments []; default message [password],2147483647,7]; default message [Min 6 char]] ]
2025-09-24 20:51:04 INFO  Commencing graceful shutdown. Waiting for active requests to complete
2025-09-24 20:51:05 INFO  Graceful shutdown complete
2025-09-24 20:51:05 INFO  Closing JPA EntityManagerFactory for persistence unit 'default'
2025-09-24 20:51:05 INFO  HikariPool-1 - Shutdown initiated...
2025-09-24 20:51:05 INFO  HikariPool-1 - Shutdown completed.
2025-09-24 21:56:13 INFO  HV000001: Hibernate Validator 8.0.3.Final
2025-09-24 21:56:13 INFO  Starting UserServiceApplication using Java 23 with PID 12936 (E:\java\FitnessApp\userService\target\classes started by saisu in E:\java\FitnessApp)
2025-09-24 21:56:13 INFO  No active profile set, falling back to 1 default profile: "default"
2025-09-24 21:56:14 INFO  Bootstrapping Spring Data JPA repositories in DEFAULT mode.
2025-09-24 21:56:14 INFO  Finished Spring Data repository scanning in 65 ms. Found 1 JPA repository interface.
2025-09-24 21:56:15 INFO  Tomcat initialized with port 8080 (http)
2025-09-24 21:56:15 INFO  Initializing ProtocolHandler ["http-nio-8080"]
2025-09-24 21:56:15 INFO  Starting service [Tomcat]
2025-09-24 21:56:15 INFO  Starting Servlet engine: [Apache Tomcat/10.1.46]
2025-09-24 21:56:15 INFO  Initializing Spring embedded WebApplicationContext
2025-09-24 21:56:15 INFO  Root WebApplicationContext: initialization completed in 2121 ms
2025-09-24 21:56:15 INFO  HHH000204: Processing PersistenceUnitInfo [name: default]
2025-09-24 21:56:16 INFO  HHH000412: Hibernate ORM core version 6.6.29.Final
2025-09-24 21:56:16 INFO  HHH000026: Second-level cache disabled
2025-09-24 21:56:16 INFO  No LoadTimeWeaver setup: ignoring JPA class transformer
2025-09-24 21:56:17 INFO  HikariPool-1 - Starting...
2025-09-24 21:56:17 INFO  HikariPool-1 - Added connection org.postgresql.jdbc.PgConnection@31c7c281
2025-09-24 21:56:17 INFO  HikariPool-1 - Start completed.
2025-09-24 21:56:17 INFO  HHH10001005: Database info:
	Database JDBC URL [Connecting through datasource 'HikariDataSource (HikariPool-1)']
	Database driver: undefined/unknown
	Database version: 17.2
	Autocommit mode: undefined/unknown
	Isolation level: undefined/unknown
	Minimum pool size: undefined/unknown
	Maximum pool size: undefined/unknown
2025-09-24 21:56:19 INFO  HHH000489: No JTA platform available (set 'hibernate.transaction.jta.platform' to enable JTA platform integration)
2025-09-24 21:56:19 INFO  Initialized JPA EntityManagerFactory for persistence unit 'default'
2025-09-24 21:56:20 WARN  spring.jpa.open-in-view is enabled by default. Therefore, database queries may be performed during view rendering. Explicitly configure spring.jpa.open-in-view to disable this warning
2025-09-24 21:56:20 INFO  Starting ProtocolHandler ["http-nio-8080"]
2025-09-24 21:56:20 INFO  Tomcat started on port 8080 (http) with context path '/'
2025-09-24 21:56:20 INFO  Started UserServiceApplication in 8.545 seconds (process running for 9.33)
2025-09-24 21:56:40 INFO  Initializing Spring DispatcherServlet 'dispatcherServlet'
2025-09-24 21:56:40 INFO  Initializing Servlet 'dispatcherServlet'
2025-09-24 21:56:40 INFO  Completed initialization in 1 ms
2025-09-24 21:56:40 WARN  Resolved [org.springframework.web.HttpRequestMethodNotSupportedException: Request method 'POST' is not supported]
2025-09-24 22:08:57 INFO  Commencing graceful shutdown. Waiting for active requests to complete
2025-09-24 22:08:57 INFO  Graceful shutdown complete
2025-09-24 22:08:57 INFO  Closing JPA EntityManagerFactory for persistence unit 'default'
2025-09-24 22:08:57 INFO  HikariPool-1 - Shutdown initiated...
2025-09-24 22:08:57 INFO  HikariPool-1 - Shutdown completed.
2025-09-25 16:47:06 INFO  HV000001: Hibernate Validator 8.0.3.Final
2025-09-25 16:47:06 INFO  Starting UserServiceApplication using Java 23 with PID 26116 (E:\java\FitnessApp\userService\target\classes started by saisu in E:\java\FitnessApp)
2025-09-25 16:47:06 INFO  No active profile set, falling back to 1 default profile: "default"
2025-09-25 16:47:07 INFO  Bootstrapping Spring Data JPA repositories in DEFAULT mode.
2025-09-25 16:47:07 INFO  Finished Spring Data repository scanning in 79 ms. Found 1 JPA repository interface.
2025-09-25 16:47:08 INFO  Tomcat initialized with port 8080 (http)
2025-09-25 16:47:08 INFO  Initializing ProtocolHandler ["http-nio-8080"]
2025-09-25 16:47:08 INFO  Starting service [Tomcat]
2025-09-25 16:47:08 INFO  Starting Servlet engine: [Apache Tomcat/10.1.46]
2025-09-25 16:47:08 INFO  Initializing Spring embedded WebApplicationContext
2025-09-25 16:47:08 INFO  Root WebApplicationContext: initialization completed in 1924 ms
2025-09-25 16:47:08 INFO  HHH000204: Processing PersistenceUnitInfo [name: default]
2025-09-25 16:47:08 INFO  HHH000412: Hibernate ORM core version 6.6.29.Final
2025-09-25 16:47:08 INFO  HHH000026: Second-level cache disabled
2025-09-25 16:47:09 INFO  No LoadTimeWeaver setup: ignoring JPA class transformer
2025-09-25 16:47:09 INFO  HikariPool-1 - Starting...
2025-09-25 16:47:10 INFO  HikariPool-1 - Added connection org.postgresql.jdbc.PgConnection@31c7c281
2025-09-25 16:47:10 INFO  HikariPool-1 - Start completed.
2025-09-25 16:47:10 INFO  HHH10001005: Database info:
	Database JDBC URL [Connecting through datasource 'HikariDataSource (HikariPool-1)']
	Database driver: undefined/unknown
	Database version: 17.2
	Autocommit mode: undefined/unknown
	Isolation level: undefined/unknown
	Minimum pool size: undefined/unknown
	Maximum pool size: undefined/unknown
2025-09-25 16:47:11 INFO  HHH000489: No JTA platform available (set 'hibernate.transaction.jta.platform' to enable JTA platform integration)
2025-09-25 16:47:12 INFO  Initialized JPA EntityManagerFactory for persistence unit 'default'
2025-09-25 16:47:12 WARN  spring.jpa.open-in-view is enabled by default. Therefore, database queries may be performed during view rendering. Explicitly configure spring.jpa.open-in-view to disable this warning
2025-09-25 16:47:13 INFO  Starting ProtocolHandler ["http-nio-8080"]
2025-09-25 16:47:13 INFO  Tomcat started on port 8080 (http) with context path '/'
2025-09-25 16:47:13 INFO  Started UserServiceApplication in 7.683 seconds (process running for 8.405)
2025-09-25 16:49:44 INFO  Commencing graceful shutdown. Waiting for active requests to complete
2025-09-25 16:49:44 INFO  Graceful shutdown complete
2025-09-25 16:49:44 INFO  Closing JPA EntityManagerFactory for persistence unit 'default'
2025-09-25 16:49:44 INFO  HikariPool-1 - Shutdown initiated...
2025-09-25 16:49:44 INFO  HikariPool-1 - Shutdown completed.
